  Main.cpp
C:\Dev\CPPAdvanced\algorithms\Copy\src\Main.cpp(25,29): error C3861: 'error': identifier not found
C:\Dev\CPPAdvanced\algorithms\Copy\src\Main.cpp(26,39): error C2668: 'copy': ambiguous call to overloaded function
C:\Dev\CPPAdvanced\algorithms\Copy\src\Main.cpp(12,5): message : could be 'Out copy<std::_List_iterator<std::_List_val<std::_List_simple_types<_Ty>>>,std::_Vector_iterator<std::_Vector_val<std::_Simple_types<double>>>>(In,In,Out)'
          with
          [
              Out=std::_Vector_iterator<std::_Vector_val<std::_Simple_types<double>>>,
              _Ty=int,
              In=std::_List_iterator<std::_List_val<std::_List_simple_types<int>>>
          ]
C:\Program Files (x86)\Microsoft Visual Studio\2019\Community\VC\Tools\MSVC\14.28.29333\include\xutility(4424,21): message : or       '_OutIt std::copy<std::_List_iterator<std::_List_val<std::_List_simple_types<_Ty>>>,std::_Vector_iterator<std::_Vector_val<std::_Simple_types<double>>>>(_InIt,_InIt,_OutIt)'
          with
          [
              _OutIt=std::_Vector_iterator<std::_Vector_val<std::_Simple_types<double>>>,
              _Ty=int,
              _InIt=std::_List_iterator<std::_List_val<std::_List_simple_types<int>>>
          ]
C:\Dev\CPPAdvanced\algorithms\Copy\src\Main.cpp(26,39): message : while trying to match the argument list '(std::_List_iterator<std::_List_val<std::_List_simple_types<_Ty>>>, std::_List_iterator<std::_List_val<std::_List_simple_types<_Ty>>>, std::_Vector_iterator<std::_Vector_val<std::_Simple_types<_Ty>>>)'
          with
          [
              _Ty=int
          ]
          and
          [
              _Ty=int
          ]
          and
          [
              _Ty=double
          ]
